0 info it worked if it ends with ok
1 verbose cli [ 'D:\\Programmes\\nodejs\\node.exe',
1 verbose cli   'D:\\Programmes\\nodejs\\node_modules\\npm\\bin\\npm-cli.js',
1 verbose cli   'run',
1 verbose cli   'dev' ]
2 info using npm@3.10.10
3 info using node@v6.9.4
4 verbose run-script [ 'predev', 'dev', 'postdev' ]
5 info lifecycle truffle-init-webpack@0.0.1~predev: truffle-init-webpack@0.0.1
6 silly lifecycle truffle-init-webpack@0.0.1~predev: no script for predev, continuing
7 info lifecycle truffle-init-webpack@0.0.1~dev: truffle-init-webpack@0.0.1
8 verbose lifecycle truffle-init-webpack@0.0.1~dev: unsafe-perm in lifecycle true
9 verbose lifecycle truffle-init-webpack@0.0.1~dev: PATH: D:\Programmes\nodejs\node_modules\npm\bin\node-gyp-bin;D:\dev\git\blockchain\ethereum-docker\ethereum_voting_dapp\chapter3\node_modules\.bin;C:\Program Files\Docker\Docker\Resources\bin;C:\ProgramData\Oracle\Java\javapath;C:\WINDOWS\system32;C:\WINDOWS;C:\WINDOWS\System32\Wbem;C:\WINDOWS\System32\WindowsPowerShell\v1.0\;C:\Program Files (x86)\Microsoft SQL Server\Client SDK\ODBC\130\Tools\Binn\;C:\Program Files (x86)\Microsoft SQL Server\130\Tools\Binn\;C:\Program Files (x86)\Microsoft SQL Server\130\DTS\Binn\;C:\Program Files (x86)\Microsoft SQL Server\130\Tools\Binn\ManagementStudio\;C:\WINDOWS\system32\config\systemprofile\.dnx\bin;C:\Program Files\Microsoft DNX\Dnvm\;C:\Program Files\Microsoft SQL Server\130\Tools\Binn\;D:\Programmes\jdk1.8.0_101\bin;D:\Programmes\apache-maven-3.3.9\bin;C:\Program Files (x86)\Microsoft SDKs\Azure\CLI\wbin;d:\Programmes\Cloud Foundry;D:\Programmes\nodejs\;D:\Programmes\nodejs\node_modules\npm\bin;D:\Programmes\openssl-0.9.8h-1-bin\bin;C:\Users\HCJ393\AppData\Local\Programs\Python\Python35;C:\Users\HCJ393\AppData\Local\Programs\Python\Python35\libs;C:\Users\HCJ393\AppData\Local\Programs\Python\Python35\Lib;C:\Users\HCJ393\AppData\Local\Programs\Python\Python35\DLLs;C:\Users\HCJ393\AppData\Local\Programs\Python\Python35\Scripts;D:\Programmes\curl-7.53.1\src;C:\Program Files (x86)\Skype\Phone\;C:\Program Files\Git\cmd;D:\dev\go\bin;D:\Programmes\Go\bin;D:\Programmes\curl-7.53.1\src;C:\Users\HCJ393\AppData\Local\.meteor;C:\Program Files\IBM\Bluemix\bin;C:\Users\HCJ393\AppData\Local\.meteor\
10 verbose lifecycle truffle-init-webpack@0.0.1~dev: CWD: D:\dev\git\blockchain\ethereum-docker\ethereum_voting_dapp\chapter3
11 silly lifecycle truffle-init-webpack@0.0.1~dev: Args: [ '/d /s /c', 'webpack-dev-server' ]
12 silly lifecycle truffle-init-webpack@0.0.1~dev: Returned: code: 1  signal: null
13 info lifecycle truffle-init-webpack@0.0.1~dev: Failed to exec dev script
14 verbose stack Error: truffle-init-webpack@0.0.1 dev: `webpack-dev-server`
14 verbose stack Exit status 1
14 verbose stack     at EventEmitter.<anonymous> (D:\Programmes\nodejs\node_modules\npm\lib\utils\lifecycle.js:255:16)
14 verbose stack     at emitTwo (events.js:106:13)
14 verbose stack     at EventEmitter.emit (events.js:191:7)
14 verbose stack     at ChildProcess.<anonymous> (D:\Programmes\nodejs\node_modules\npm\lib\utils\spawn.js:40:14)
14 verbose stack     at emitTwo (events.js:106:13)
14 verbose stack     at ChildProcess.emit (events.js:191:7)
14 verbose stack     at maybeClose (internal/child_process.js:877:16)
14 verbose stack     at Process.ChildProcess._handle.onexit (internal/child_process.js:226:5)
15 verbose pkgid truffle-init-webpack@0.0.1
16 verbose cwd D:\dev\git\blockchain\ethereum-docker\ethereum_voting_dapp\chapter3
17 error Windows_NT 10.0.10586
18 error argv "D:\\Programmes\\nodejs\\node.exe" "D:\\Programmes\\nodejs\\node_modules\\npm\\bin\\npm-cli.js" "run" "dev"
19 error node v6.9.4
20 error npm  v3.10.10
21 error code ELIFECYCLE
22 error truffle-init-webpack@0.0.1 dev: `webpack-dev-server`
22 error Exit status 1
23 error Failed at the truffle-init-webpack@0.0.1 dev script 'webpack-dev-server'.
23 error Make sure you have the latest version of node.js and npm installed.
23 error If you do, this is most likely a problem with the truffle-init-webpack package,
23 error not with npm itself.
23 error Tell the author that this fails on your system:
23 error     webpack-dev-server
23 error You can get information on how to open an issue for this project with:
23 error     npm bugs truffle-init-webpack
23 error Or if that isn't available, you can get their info via:
23 error     npm owner ls truffle-init-webpack
23 error There is likely additional logging output above.
24 verbose exit [ 1, true ]
